<?xml version="1.0" encoding="UTF-8"?>
<testExecutions version="1">
  <file path="D:\halobuzz by cursor\backend\src\__tests__\unit\sample.test.ts">
  </file>
</testExecutions>